[2019-03-12 09:16:21] Charge_Rss.DEBUG: DATA: Title: MASCIARELLI Montepulciano d'Abruzzo 2016 $14 (Wine Spectator) , PubDate: 2019-03-12 00:00:00 [] []
[2019-03-12 09:16:21] Charge_Rss.DEBUG: DATA: Title: AUGUST KESSELER Riesling Kabinett Rheingau R 2017 $19 (Wine Spectator) , PubDate: 2019-03-12 00:00:00 [] []
[2019-03-12 09:16:21] Charge_Rss.DEBUG: DATA: Title: VIÑEDOS DE LAS ACACIAS Mencía Viño de la Tierra de Castilla y León Señorío de la Antigua Finca Cabanela 2015 $38 (Wine Spectator) , PubDate: 2019-03-12 00:00:00 [] []
[2019-03-12 09:16:21] Charge_Rss.DEBUG: DATA: Title: FLEUR DU CAP Sauvignon Blanc Western Cape Essence du Cap 2018 $14 (Wine Spectator) , PubDate: 2019-03-11 00:00:00 [] []
[2019-03-12 09:16:21] Charge_Rss.DEBUG: DATA: Title: VIÑA SAN PEDRO Cabernet Sauvignon Maipo Valley 1865 Selected Vineyards 2017 $18 (Wine Spectator) , PubDate: 2019-03-11 00:00:00 [] []
[2019-03-12 09:16:21] Charge_Rss.DEBUG: DATA: Title: KEN WRIGHT Pinot Noir Willamette Valley Guadalupe Vineyard 2016 $63 (Wine Spectator) , PubDate: 2019-03-11 00:00:00 [] []
[2019-03-12 09:16:21] Charge_Rss.DEBUG: DATA: Title: JACOB'S CREEK Shiraz Barossa Reserve 2016 $14 (Wine Spectator) , PubDate: 2019-03-09 00:00:00 [] []
[2019-03-12 09:16:21] Charge_Rss.DEBUG: DATA: Title: MASTROBERARDINO Fiano di Avellino Radici 2017 $30 (Wine Spectator) , PubDate: 2019-03-09 00:00:00 [] []
[2019-03-12 09:16:21] Charge_Rss.DEBUG: DATA: Title: ORIN SWIFT Eight Years In The Desert California 2017 $50 (Wine Spectator) , PubDate: 2019-03-09 00:00:00 [] []
[2019-03-12 09:16:21] Charge_Rss.DEBUG: DATA: Title: CHÂTEAU TEYSSIER St.-Emilion 2016 $13 (Wine Spectator) , PubDate: 2019-03-08 00:00:00 [] []
[2019-03-12 09:16:21] Charge_Rss.DEBUG: DATA: Title: NIGL Grüner Veltliner Niederösterreich Freiheit 2017 $20 (Wine Spectator) , PubDate: 2019-03-08 00:00:00 [] []
[2019-03-12 09:16:21] Charge_Rss.DEBUG: DATA: Title: SPRING MOUNTAIN VINEYARD Elivette Napa Valley 2015 $150 (Wine Spectator) , PubDate: 2019-03-08 00:00:00 [] []
[2019-03-12 09:16:21] Charge_Rss.DEBUG: DATA: Title: CLINE Syrah Sonoma Coast 2017 $13 (Wine Spectator) , PubDate: 2019-03-07 00:00:00 [] []
[2019-03-12 09:16:21] Charge_Rss.DEBUG: DATA: Title: STADT KREMS Grüner Veltliner Kremstal 2017 $15 (Wine Spectator) , PubDate: 2019-03-07 00:00:00 [] []
[2019-03-12 09:16:21] Charge_Rss.DEBUG: DATA: Title: MAXIMIN GRÜNHAUS Riesling Spätlese Mosel Abtsberg 2017 $46 (Wine Spectator) , PubDate: 2019-03-07 00:00:00 [] []
[2019-03-12 09:16:21] Charge_Rss.DEBUG: DATA: Title: JOSEPH DROUHIN Beaujolais Nouveau 2018 $12 (Wine Spectator) , PubDate: 2019-03-06 00:00:00 [] []
[2019-03-12 09:16:21] Charge_Rss.DEBUG: DATA: Title: CHERRY PIE Pinot Noir Monterey-Sonoma-Santa Barbara Counties 2016 $23 (Wine Spectator) , PubDate: 2019-03-06 00:00:00 [] []
[2019-03-12 09:16:21] Charge_Rss.DEBUG: DATA: Title: TURLEY Zinfandel Paso Robles Pesenti Vineyard 2016 $38 (Wine Spectator) , PubDate: 2019-03-06 00:00:00 [] []
[2019-03-12 09:16:21] Charge_Rss.DEBUG: DATA: Title: CHÂTEAU REYNON Cadillac Côtes de Bordeaux 2016 $14 (Wine Spectator) , PubDate: 2019-03-05 00:00:00 [] []
[2019-03-12 09:16:21] Charge_Rss.DEBUG: DATA: Title: TABLAS CREEK Côtes de Tablas Blanc Adelaida District 2017 $30 (Wine Spectator) , PubDate: 2019-03-05 00:00:00 [] []
[2019-03-12 09:16:21] Charge_Rss.DEBUG: DATA: Title: ALZINGER Grüner Veltliner Smaragd Wachau Ried Steinertal 2017 $65 (Wine Spectator) , PubDate: 2019-03-05 00:00:00 [] []
[2019-03-12 13:25:05] Charge_Rss.DEBUG: DATA: Title: MASCIARELLI Montepulciano d'Abruzzo 2016 $14 (Wine Spectator) , PubDate: 2019-03-12 00:00:00 [] []
[2019-03-12 13:25:05] Charge_Rss.DEBUG: DATA: Title: AUGUST KESSELER Riesling Kabinett Rheingau R 2017 $19 (Wine Spectator) , PubDate: 2019-03-12 00:00:00 [] []
[2019-03-12 13:25:05] Charge_Rss.DEBUG: DATA: Title: VIÑEDOS DE LAS ACACIAS Mencía Viño de la Tierra de Castilla y León Señorío de la Antigua Finca Cabanela 2015 $38 (Wine Spectator) , PubDate: 2019-03-12 00:00:00 [] []
[2019-03-12 13:25:05] Charge_Rss.DEBUG: DATA: Title: FLEUR DU CAP Sauvignon Blanc Western Cape Essence du Cap 2018 $14 (Wine Spectator) , PubDate: 2019-03-11 00:00:00 [] []
[2019-03-12 13:25:05] Charge_Rss.DEBUG: DATA: Title: VIÑA SAN PEDRO Cabernet Sauvignon Maipo Valley 1865 Selected Vineyards 2017 $18 (Wine Spectator) , PubDate: 2019-03-11 00:00:00 [] []
[2019-03-12 13:25:05] Charge_Rss.DEBUG: DATA: Title: KEN WRIGHT Pinot Noir Willamette Valley Guadalupe Vineyard 2016 $63 (Wine Spectator) , PubDate: 2019-03-11 00:00:00 [] []
[2019-03-12 13:25:05] Charge_Rss.DEBUG: DATA: Title: JACOB'S CREEK Shiraz Barossa Reserve 2016 $14 (Wine Spectator) , PubDate: 2019-03-09 00:00:00 [] []
[2019-03-12 13:25:05] Charge_Rss.DEBUG: DATA: Title: MASTROBERARDINO Fiano di Avellino Radici 2017 $30 (Wine Spectator) , PubDate: 2019-03-09 00:00:00 [] []
[2019-03-12 13:25:05] Charge_Rss.DEBUG: DATA: Title: ORIN SWIFT Eight Years In The Desert California 2017 $50 (Wine Spectator) , PubDate: 2019-03-09 00:00:00 [] []
[2019-03-12 13:25:05] Charge_Rss.DEBUG: DATA: Title: CHÂTEAU TEYSSIER St.-Emilion 2016 $13 (Wine Spectator) , PubDate: 2019-03-08 00:00:00 [] []
[2019-03-12 13:25:05] Charge_Rss.DEBUG: DATA: Title: NIGL Grüner Veltliner Niederösterreich Freiheit 2017 $20 (Wine Spectator) , PubDate: 2019-03-08 00:00:00 [] []
[2019-03-12 13:25:05] Charge_Rss.DEBUG: DATA: Title: SPRING MOUNTAIN VINEYARD Elivette Napa Valley 2015 $150 (Wine Spectator) , PubDate: 2019-03-08 00:00:00 [] []
[2019-03-12 13:25:05] Charge_Rss.DEBUG: DATA: Title: CLINE Syrah Sonoma Coast 2017 $13 (Wine Spectator) , PubDate: 2019-03-07 00:00:00 [] []
[2019-03-12 13:25:05] Charge_Rss.DEBUG: DATA: Title: STADT KREMS Grüner Veltliner Kremstal 2017 $15 (Wine Spectator) , PubDate: 2019-03-07 00:00:00 [] []
[2019-03-12 13:25:05] Charge_Rss.DEBUG: DATA: Title: MAXIMIN GRÜNHAUS Riesling Spätlese Mosel Abtsberg 2017 $46 (Wine Spectator) , PubDate: 2019-03-07 00:00:00 [] []
[2019-03-12 13:25:05] Charge_Rss.DEBUG: DATA: Title: JOSEPH DROUHIN Beaujolais Nouveau 2018 $12 (Wine Spectator) , PubDate: 2019-03-06 00:00:00 [] []
[2019-03-12 13:25:05] Charge_Rss.DEBUG: DATA: Title: CHERRY PIE Pinot Noir Monterey-Sonoma-Santa Barbara Counties 2016 $23 (Wine Spectator) , PubDate: 2019-03-06 00:00:00 [] []
[2019-03-12 13:25:05] Charge_Rss.DEBUG: DATA: Title: TURLEY Zinfandel Paso Robles Pesenti Vineyard 2016 $38 (Wine Spectator) , PubDate: 2019-03-06 00:00:00 [] []
[2019-03-12 13:25:05] Charge_Rss.DEBUG: DATA: Title: CHÂTEAU REYNON Cadillac Côtes de Bordeaux 2016 $14 (Wine Spectator) , PubDate: 2019-03-05 00:00:00 [] []
[2019-03-12 13:25:05] Charge_Rss.DEBUG: DATA: Title: TABLAS CREEK Côtes de Tablas Blanc Adelaida District 2017 $30 (Wine Spectator) , PubDate: 2019-03-05 00:00:00 [] []
[2019-03-12 13:25:05] Charge_Rss.DEBUG: DATA: Title: ALZINGER Grüner Veltliner Smaragd Wachau Ried Steinertal 2017 $65 (Wine Spectator) , PubDate: 2019-03-05 00:00:00 [] []
